[ 2014-06-20T17:42:15+08:00 ] 127.0.0.1 /index.php?m=message&a=unread
NOTIC: [8192] preg_replace(): The /e modifier is deprecated, use preg_replace_callback instead /home/ghw/www/talkpiece/ThinkPHP/Common/common.php 第 214 行.
INFO: [ app_begin ] --START--
INFO: ReadHtmlCache Behavior ::run [ RunTime:0.000296s ]
INFO: [ app_begin ] --END-- [ RunTime:0.000358s ]
NOTIC: [8192] mysql_connect(): The mysql extension is deprecated and will be removed in the future: use mysqli or PDO instead /home/ghw/www/talkpiece/ThinkPHP/Lib/Driver/Db/DbMysql.class.php 第 55 行.
NOTIC: [2] mysql_connect(): Access denied for user 'softgroupuser'@'localhost' (using password: YES) /home/ghw/www/talkpiece/ThinkPHP/Lib/Driver/Db/DbMysql.class.php 第 55 行.
ERR: Access denied for user 'softgroupuser'@'localhost' (using password: YES)

[ 2014-06-20T17:43:05+08:00 ] 127.0.0.1 /index.php?m=message&a=unread
NOTIC: [8192] preg_replace(): The /e modifier is deprecated, use preg_replace_callback instead /home/ghw/www/talkpiece/ThinkPHP/Common/common.php 第 214 行.
INFO: [ app_begin ] --START--
INFO: ReadHtmlCache Behavior ::run [ RunTime:0.000306s ]
INFO: [ app_begin ] --END-- [ RunTime:0.000371s ]
NOTIC: [8192] mysql_connect(): The mysql extension is deprecated and will be removed in the future: use mysqli or PDO instead /home/ghw/www/talkpiece/ThinkPHP/Lib/Driver/Db/DbMysql.class.php 第 55 行.
NOTIC: [2] mysql_connect(): Access denied for user 'softgroupuser'@'localhost' (using password: YES) /home/ghw/www/talkpiece/ThinkPHP/Lib/Driver/Db/DbMysql.class.php 第 55 行.
ERR: Access denied for user 'softgroupuser'@'localhost' (using password: YES)

[ 2014-06-20T17:43:55+08:00 ] 127.0.0.1 /index.php?m=message&a=unread
NOTIC: [8192] preg_replace(): The /e modifier is deprecated, use preg_replace_callback instead /home/ghw/www/talkpiece/ThinkPHP/Common/common.php 第 214 行.
INFO: [ app_begin ] --START--
INFO: ReadHtmlCache Behavior ::run [ RunTime:0.000656s ]
INFO: [ app_begin ] --END-- [ RunTime:0.000778s ]
NOTIC: [8192] mysql_connect(): The mysql extension is deprecated and will be removed in the future: use mysqli or PDO instead /home/ghw/www/talkpiece/ThinkPHP/Lib/Driver/Db/DbMysql.class.php 第 55 行.
NOTIC: [2] mysql_connect(): Access denied for user 'softgroupuser'@'localhost' (using password: YES) /home/ghw/www/talkpiece/ThinkPHP/Lib/Driver/Db/DbMysql.class.php 第 55 行.
ERR: Access denied for user 'softgroupuser'@'localhost' (using password: YES)

[ 2014-06-20T17:44:45+08:00 ] 127.0.0.1 /index.php?m=message&a=unread
NOTIC: [8192] preg_replace(): The /e modifier is deprecated, use preg_replace_callback instead /home/ghw/www/talkpiece/ThinkPHP/Common/common.php 第 214 行.
INFO: [ app_begin ] --START--
INFO: ReadHtmlCache Behavior ::run [ RunTime:0.000821s ]
INFO: [ app_begin ] --END-- [ RunTime:0.000968s ]
NOTIC: [8192] mysql_connect(): The mysql extension is deprecated and will be removed in the future: use mysqli or PDO instead /home/ghw/www/talkpiece/ThinkPHP/Lib/Driver/Db/DbMysql.class.php 第 55 行.
NOTIC: [2] mysql_connect(): Access denied for user 'softgroupuser'@'localhost' (using password: YES) /home/ghw/www/talkpiece/ThinkPHP/Lib/Driver/Db/DbMysql.class.php 第 55 行.
ERR: Access denied for user 'softgroupuser'@'localhost' (using password: YES)

[ 2014-06-20T17:45:35+08:00 ] 127.0.0.1 /index.php?m=message&a=unread
NOTIC: [8192] preg_replace(): The /e modifier is deprecated, use preg_replace_callback instead /home/ghw/www/talkpiece/ThinkPHP/Common/common.php 第 214 行.
INFO: [ app_begin ] --START--
INFO: ReadHtmlCache Behavior ::run [ RunTime:0.000295s ]
INFO: [ app_begin ] --END-- [ RunTime:0.000360s ]
NOTIC: [8192] mysql_connect(): The mysql extension is deprecated and will be removed in the future: use mysqli or PDO instead /home/ghw/www/talkpiece/ThinkPHP/Lib/Driver/Db/DbMysql.class.php 第 55 行.
NOTIC: [2] mysql_connect(): Access denied for user 'softgroupuser'@'localhost' (using password: YES) /home/ghw/www/talkpiece/ThinkPHP/Lib/Driver/Db/DbMysql.class.php 第 55 行.
ERR: Access denied for user 'softgroupuser'@'localhost' (using password: YES)

